<?xml version="1.0" encoding="UTF-8"?>
<!-- Generated by org.testng.reporters.JUnitReportReporter -->
<testsuite hostname="DESKTOP-38Q9L5G" failures="0" tests="2" name="com.githubdemo.TestClass" time="0.016" errors="0" timestamp="2025-07-04T13:00:47 IST" skipped="0">
  <testcase classname="com.githubdemo.TestClass" name="testHello" time="0.014"/>
  <testcase classname="com.githubdemo.TestClass" name="test2" time="0.002"/>
</testsuite> <!-- com.githubdemo.TestClass -->
