<?xml version="1.0" encoding="UTF-8"?>
<!-- Generated by org.testng.reporters.JUnitReportReporter -->
<testsuite hostname="DESKTOP-38Q9L5G" failures="0" tests="3" name="com.githubdemo.TestClass" time="0.022" errors="0" timestamp="2025-07-04T13:21:12 IST" skipped="0">
  <testcase classname="com.githubdemo.TestClass" name="testHello" time="0.017"/>
  <testcase classname="com.githubdemo.TestClass" name="testMethod5" time="0.003"/>
  <testcase classname="com.githubdemo.TestClass" name="test2" time="0.002"/>
</testsuite> <!-- com.githubdemo.TestClass -->
