<?xml version="1.0" encoding="UTF-8"?>
<!-- Generated by org.testng.reporters.JUnitReportReporter -->
<testsuite hostname="DESKTOP-38Q9L5G" failures="0" tests="2" name="com.githubdemo.TestClass2" time="0.004" errors="0" timestamp="2025-07-04T13:10:13 IST" skipped="0">
  <testcase classname="com.githubdemo.TestClass2" name="testClass4" time="0.002"/>
  <testcase classname="com.githubdemo.TestClass2" name="testClass3" time="0.002"/>
</testsuite> <!-- com.githubdemo.TestClass2 -->
